<?xml version="1.0" encoding="UTF-8"?>
<!-- Generated by org.testng.reporters.JUnitReportReporter -->
<testsuite skipped="0" hostname="LAPTOP-HC" name="com.myselenium.test.SeleniumOne" tests="3" failures="0" timestamp="29 九月 2022 08:01:56 GMT" time="14.031" errors="0">
  <testcase name="test02" time="1.017" classname="com.myselenium.test.SeleniumOne"/>
  <testcase name="test03" time="4.510" classname="com.myselenium.test.SeleniumOne"/>
  <testcase name="test01" time="8.504" classname="com.myselenium.test.SeleniumOne"/>
</testsuite> <!-- com.myselenium.test.SeleniumOne -->
